INFO    2020-04-16 21:00:51,501 [main] com.tcd.spotify.YearCanvas  - 

-------------------------------------------------------------------------------------------------------------
INFO    2020-04-16 21:00:51,506 [main] com.tcd.spotify.YearCanvas  - Loading property files...
INFO    2020-04-16 21:00:51,508 [main] com.tcd.spotify.YearCanvas  - Property files loaded
INFO    2020-04-16 21:00:51,582 [main] com.tcd.spotify.YearCanvas  - Setting up....
INFO    2020-04-16 21:00:51,601 [main] com.tcd.spotify.YearCanvas  - Loading data...
INFO    2020-04-16 21:00:52,931 [main] com.tcd.spotify.YearCanvas  - Database Created!
INFO    2020-04-16 21:19:55,130 [main] com.tcd.spotify.YearCanvas  - 

-------------------------------------------------------------------------------------------------------------
INFO    2020-04-16 21:19:55,135 [main] com.tcd.spotify.YearCanvas  - Loading property files...
INFO    2020-04-16 21:19:55,136 [main] com.tcd.spotify.YearCanvas  - Property files loaded
INFO    2020-04-16 21:19:55,210 [main] com.tcd.spotify.YearCanvas  - Setting up....
INFO    2020-04-16 21:19:55,227 [main] com.tcd.spotify.YearCanvas  - Loading data...
INFO    2020-04-16 21:19:58,852 [main] com.tcd.spotify.YearCanvas  - Database Created!
INFO    2020-04-16 21:41:48,501 [main] com.tcd.spotify.YearCanvas  - 

-------------------------------------------------------------------------------------------------------------
INFO    2020-04-16 21:41:48,511 [main] com.tcd.spotify.YearCanvas  - Loading property files...
INFO    2020-04-16 21:41:48,514 [main] com.tcd.spotify.YearCanvas  - Property files loaded
INFO    2020-04-16 21:41:48,596 [main] com.tcd.spotify.YearCanvas  - Setting up....
INFO    2020-04-16 21:41:48,614 [main] com.tcd.spotify.YearCanvas  - Loading data...
INFO    2020-04-16 21:41:52,257 [main] com.tcd.spotify.YearCanvas  - Database Created!
INFO    2020-04-16 21:41:59,022 [main-FPSAWTAnimator#00-Timer0] com.tcd.spotify.YearCanvas  - Tour view is not activated!!
INFO    2020-04-16 21:42:00,475 [main-FPSAWTAnimator#00-Timer0] com.tcd.spotify.YearCanvas  - Tour view is not activated!!
INFO    2020-04-16 21:42:01,800 [main-FPSAWTAnimator#00-Timer0] com.tcd.spotify.YearCanvas  - Tour view is not activated!!
INFO    2020-04-16 21:42:03,266 [main-FPSAWTAnimator#00-Timer0] com.tcd.spotify.YearCanvas  - Tour view is not activated!!
INFO    2020-04-16 21:42:04,573 [main-FPSAWTAnimator#00-Timer0] com.tcd.spotify.YearCanvas  - Tour view is not activated!!
INFO    2020-04-16 21:43:38,893 [main] com.tcd.spotify.YearCanvas  - 

-------------------------------------------------------------------------------------------------------------
INFO    2020-04-16 21:43:38,897 [main] com.tcd.spotify.YearCanvas  - Loading property files...
INFO    2020-04-16 21:43:38,898 [main] com.tcd.spotify.YearCanvas  - Property files loaded
INFO    2020-04-16 21:43:38,975 [main] com.tcd.spotify.YearCanvas  - Setting up....
INFO    2020-04-16 21:43:38,994 [main] com.tcd.spotify.YearCanvas  - Loading data...
INFO    2020-04-16 21:43:42,596 [main] com.tcd.spotify.YearCanvas  - Database Created!
INFO    2020-04-16 21:44:13,956 [main] com.tcd.spotify.YearCanvas  - 

-------------------------------------------------------------------------------------------------------------
INFO    2020-04-16 21:44:13,961 [main] com.tcd.spotify.YearCanvas  - Loading property files...
INFO    2020-04-16 21:44:13,962 [main] com.tcd.spotify.YearCanvas  - Property files loaded
INFO    2020-04-16 21:44:14,042 [main] com.tcd.spotify.YearCanvas  - Setting up....
INFO    2020-04-16 21:44:14,064 [main] com.tcd.spotify.YearCanvas  - Loading data...
INFO    2020-04-16 21:44:15,374 [main] com.tcd.spotify.YearCanvas  - Database Created!
INFO    2020-04-16 21:45:04,718 [main] com.tcd.spotify.YearCanvas  - 

-------------------------------------------------------------------------------------------------------------
INFO    2020-04-16 21:45:04,722 [main] com.tcd.spotify.YearCanvas  - Loading property files...
INFO    2020-04-16 21:45:04,723 [main] com.tcd.spotify.YearCanvas  - Property files loaded
INFO    2020-04-16 21:45:04,806 [main] com.tcd.spotify.YearCanvas  - Setting up....
INFO    2020-04-16 21:45:04,826 [main] com.tcd.spotify.YearCanvas  - Loading data...
INFO    2020-04-16 21:45:08,067 [main] com.tcd.spotify.YearCanvas  - Database Created!
INFO    2020-04-16 21:46:11,583 [main] com.tcd.spotify.YearCanvas  - 

-------------------------------------------------------------------------------------------------------------
INFO    2020-04-16 21:46:11,586 [main] com.tcd.spotify.YearCanvas  - Loading property files...
INFO    2020-04-16 21:46:11,587 [main] com.tcd.spotify.YearCanvas  - Property files loaded
INFO    2020-04-16 21:46:11,664 [main] com.tcd.spotify.YearCanvas  - Setting up....
INFO    2020-04-16 21:46:11,684 [main] com.tcd.spotify.YearCanvas  - Loading data...
INFO    2020-04-16 21:46:15,073 [main] com.tcd.spotify.YearCanvas  - Database Created!
INFO    2020-04-16 21:46:50,074 [main] com.tcd.spotify.YearCanvas  - 

-------------------------------------------------------------------------------------------------------------
INFO    2020-04-16 21:46:50,078 [main] com.tcd.spotify.YearCanvas  - Loading property files...
INFO    2020-04-16 21:46:50,079 [main] com.tcd.spotify.YearCanvas  - Property files loaded
INFO    2020-04-16 21:46:50,155 [main] com.tcd.spotify.YearCanvas  - Setting up....
INFO    2020-04-16 21:46:50,183 [main] com.tcd.spotify.YearCanvas  - Loading data...
INFO    2020-04-16 21:46:53,815 [main] com.tcd.spotify.YearCanvas  - Database Created!
INFO    2020-04-16 21:56:00,326 [main] com.tcd.spotify.YearCanvas  - 

-------------------------------------------------------------------------------------------------------------
INFO    2020-04-16 21:56:00,329 [main] com.tcd.spotify.YearCanvas  - Loading property files...
INFO    2020-04-16 21:56:00,330 [main] com.tcd.spotify.YearCanvas  - Property files loaded
INFO    2020-04-16 21:56:00,405 [main] com.tcd.spotify.YearCanvas  - Setting up....
INFO    2020-04-16 21:56:00,427 [main] com.tcd.spotify.YearCanvas  - Loading data...
INFO    2020-04-16 21:56:01,730 [main] com.tcd.spotify.YearCanvas  - Database Created!
INFO    2020-04-16 21:56:22,393 [main] com.tcd.spotify.YearCanvas  - 

-------------------------------------------------------------------------------------------------------------
INFO    2020-04-16 21:56:22,397 [main] com.tcd.spotify.YearCanvas  - Loading property files...
INFO    2020-04-16 21:56:22,398 [main] com.tcd.spotify.YearCanvas  - Property files loaded
INFO    2020-04-16 21:56:22,482 [main] com.tcd.spotify.YearCanvas  - Setting up....
INFO    2020-04-16 21:56:22,501 [main] com.tcd.spotify.YearCanvas  - Loading data...
INFO    2020-04-16 21:56:24,005 [main] com.tcd.spotify.YearCanvas  - Database Created!
INFO    2020-04-16 21:58:02,061 [main] com.tcd.spotify.YearCanvas  - 

-------------------------------------------------------------------------------------------------------------
INFO    2020-04-16 21:58:02,064 [main] com.tcd.spotify.YearCanvas  - Loading property files...
INFO    2020-04-16 21:58:02,065 [main] com.tcd.spotify.YearCanvas  - Property files loaded
INFO    2020-04-16 21:58:02,141 [main] com.tcd.spotify.YearCanvas  - Setting up....
INFO    2020-04-16 21:58:02,162 [main] com.tcd.spotify.YearCanvas  - Loading data...
INFO    2020-04-16 21:58:05,626 [main] com.tcd.spotify.YearCanvas  - Database Created!
INFO    2020-04-16 22:00:19,916 [main] com.tcd.spotify.YearCanvas  - 

-------------------------------------------------------------------------------------------------------------
INFO    2020-04-16 22:00:19,920 [main] com.tcd.spotify.YearCanvas  - Loading property files...
INFO    2020-04-16 22:00:19,921 [main] com.tcd.spotify.YearCanvas  - Property files loaded
INFO    2020-04-16 22:00:19,996 [main] com.tcd.spotify.YearCanvas  - Setting up....
INFO    2020-04-16 22:00:20,019 [main] com.tcd.spotify.YearCanvas  - Loading data...
INFO    2020-04-16 22:00:22,192 [main] com.tcd.spotify.YearCanvas  - Database Created!
INFO    2020-04-16 22:00:24,743 [main-FPSAWTAnimator#00-Timer0] com.tcd.spotify.YearCanvas  - Tour view disabled
INFO    2020-04-16 22:00:25,271 [main-FPSAWTAnimator#00-Timer0] com.tcd.spotify.YearCanvas  - Tour view disabled
INFO    2020-04-16 22:00:25,690 [main-FPSAWTAnimator#00-Timer0] com.tcd.spotify.YearCanvas  - Tour view disabled
INFO    2020-04-16 22:00:26,055 [main-FPSAWTAnimator#00-Timer0] com.tcd.spotify.YearCanvas  - Tour view disabled
INFO    2020-04-16 22:00:26,436 [main-FPSAWTAnimator#00-Timer0] com.tcd.spotify.YearCanvas  - Tour view disabled
INFO    2020-04-16 22:00:26,761 [main-FPSAWTAnimator#00-Timer0] com.tcd.spotify.YearCanvas  - Tour view disabled
INFO    2020-04-16 22:00:27,072 [main-FPSAWTAnimator#00-Timer0] com.tcd.spotify.YearCanvas  - Tour view disabled
INFO    2020-04-16 22:00:27,397 [main-FPSAWTAnimator#00-Timer0] com.tcd.spotify.YearCanvas  - Tour view disabled
INFO    2020-04-16 22:00:27,701 [main-FPSAWTAnimator#00-Timer0] com.tcd.spotify.YearCanvas  - Tour view disabled
INFO    2020-04-16 22:00:28,022 [main-FPSAWTAnimator#00-Timer0] com.tcd.spotify.YearCanvas  - Tour view disabled
INFO    2020-04-16 22:00:28,320 [main-FPSAWTAnimator#00-Timer0] com.tcd.spotify.YearCanvas  - Tour view disabled
INFO    2020-04-16 22:00:28,630 [main-FPSAWTAnimator#00-Timer0] com.tcd.spotify.YearCanvas  - Tour view disabled
INFO    2020-04-16 22:00:28,967 [main-FPSAWTAnimator#00-Timer0] com.tcd.spotify.YearCanvas  - Tour view disabled
INFO    2020-04-16 22:00:29,265 [main-FPSAWTAnimator#00-Timer0] com.tcd.spotify.YearCanvas  - Tour view disabled
INFO    2020-04-16 22:00:29,565 [main-FPSAWTAnimator#00-Timer0] com.tcd.spotify.YearCanvas  - Tour view disabled
INFO    2020-04-16 22:00:29,928 [main-FPSAWTAnimator#00-Timer0] com.tcd.spotify.YearCanvas  - Tour view disabled
INFO    2020-04-16 22:00:30,315 [main-FPSAWTAnimator#00-Timer0] com.tcd.spotify.YearCanvas  - Tour view disabled
INFO    2020-04-16 22:00:30,662 [main-FPSAWTAnimator#00-Timer0] com.tcd.spotify.YearCanvas  - Tour view disabled
INFO    2020-04-16 22:00:31,017 [main-FPSAWTAnimator#00-Timer0] com.tcd.spotify.YearCanvas  - Tour view disabled
INFO    2020-04-16 22:00:31,385 [main-FPSAWTAnimator#00-Timer0] com.tcd.spotify.YearCanvas  - Tour view disabled
INFO    2020-04-16 22:00:31,751 [main-FPSAWTAnimator#00-Timer0] com.tcd.spotify.YearCanvas  - Tour view disabled
INFO    2020-04-16 22:00:32,050 [main-FPSAWTAnimator#00-Timer0] com.tcd.spotify.YearCanvas  - Tour view disabled
INFO    2020-04-16 22:00:32,390 [main-FPSAWTAnimator#00-Timer0] com.tcd.spotify.YearCanvas  - Tour view disabled
INFO    2020-04-16 22:00:32,711 [main-FPSAWTAnimator#00-Timer0] com.tcd.spotify.YearCanvas  - Tour view disabled
INFO    2020-04-16 22:00:33,039 [main-FPSAWTAnimator#00-Timer0] com.tcd.spotify.YearCanvas  - Tour view disabled
INFO    2020-04-16 22:00:33,391 [main-FPSAWTAnimator#00-Timer0] com.tcd.spotify.YearCanvas  - Tour view disabled
INFO    2020-04-16 22:00:33,785 [main-FPSAWTAnimator#00-Timer0] com.tcd.spotify.YearCanvas  - Tour view disabled
INFO    2020-04-16 22:00:34,098 [main-FPSAWTAnimator#00-Timer0] com.tcd.spotify.YearCanvas  - Tour view disabled
INFO    2020-04-16 22:00:34,408 [main-FPSAWTAnimator#00-Timer0] com.tcd.spotify.YearCanvas  - Tour view disabled
INFO    2020-04-16 22:00:34,723 [main-FPSAWTAnimator#00-Timer0] com.tcd.spotify.YearCanvas  - Tour view disabled
INFO    2020-04-16 22:00:35,023 [main-FPSAWTAnimator#00-Timer0] com.tcd.spotify.YearCanvas  - Tour view disabled
INFO    2020-04-16 22:00:35,309 [main-FPSAWTAnimator#00-Timer0] com.tcd.spotify.YearCanvas  - Tour view disabled
INFO    2020-04-16 22:00:35,609 [main-FPSAWTAnimator#00-Timer0] com.tcd.spotify.YearCanvas  - Tour view disabled
INFO    2020-04-16 22:00:35,903 [main-FPSAWTAnimator#00-Timer0] com.tcd.spotify.YearCanvas  - Tour view disabled
INFO    2020-04-16 22:00:36,195 [main-FPSAWTAnimator#00-Timer0] com.tcd.spotify.YearCanvas  - Tour view disabled
INFO    2020-04-16 22:00:36,489 [main-FPSAWTAnimator#00-Timer0] com.tcd.spotify.YearCanvas  - Tour view disabled
INFO    2020-04-16 22:00:36,804 [main-FPSAWTAnimator#00-Timer0] com.tcd.spotify.YearCanvas  - Tour view disabled
INFO    2020-04-16 22:00:37,101 [main-FPSAWTAnimator#00-Timer0] com.tcd.spotify.YearCanvas  - Tour view disabled
INFO    2020-04-16 22:00:37,407 [main-FPSAWTAnimator#00-Timer0] com.tcd.spotify.YearCanvas  - Tour view disabled
INFO    2020-04-16 22:00:37,717 [main-FPSAWTAnimator#00-Timer0] com.tcd.spotify.YearCanvas  - Tour view disabled
INFO    2020-04-16 22:00:38,016 [main-FPSAWTAnimator#00-Timer0] com.tcd.spotify.YearCanvas  - Tour view disabled
INFO    2020-04-16 22:00:38,309 [main-FPSAWTAnimator#00-Timer0] com.tcd.spotify.YearCanvas  - Tour view disabled
INFO    2020-04-16 22:00:38,607 [main-FPSAWTAnimator#00-Timer0] com.tcd.spotify.YearCanvas  - Tour view disabled
INFO    2020-04-16 22:01:11,891 [main] com.tcd.spotify.YearCanvas  - 

-------------------------------------------------------------------------------------------------------------
INFO    2020-04-16 22:01:11,895 [main] com.tcd.spotify.YearCanvas  - Loading property files...
INFO    2020-04-16 22:01:11,896 [main] com.tcd.spotify.YearCanvas  - Property files loaded
INFO    2020-04-16 22:01:11,973 [main] com.tcd.spotify.YearCanvas  - Setting up....
INFO    2020-04-16 22:01:11,992 [main] com.tcd.spotify.YearCanvas  - Loading data...
INFO    2020-04-16 22:01:15,656 [main] com.tcd.spotify.YearCanvas  - Database Created!
INFO    2020-04-16 22:01:31,597 [main-FPSAWTAnimator#00-Timer0] com.tcd.spotify.YearCanvas  - N key pressed
INFO    2020-04-16 22:01:32,708 [main-FPSAWTAnimator#00-Timer0] com.tcd.spotify.YearCanvas  - N key pressed
INFO    2020-04-16 22:01:33,812 [main-FPSAWTAnimator#00-Timer0] com.tcd.spotify.YearCanvas  - N key pressed
INFO    2020-04-16 22:01:34,634 [main-FPSAWTAnimator#00-Timer0] com.tcd.spotify.YearCanvas  - N key pressed
INFO    2020-04-16 22:03:43,932 [main] com.tcd.spotify.YearCanvas  - 

-------------------------------------------------------------------------------------------------------------
INFO    2020-04-16 22:03:43,937 [main] com.tcd.spotify.YearCanvas  - Loading property files...
INFO    2020-04-16 22:03:43,938 [main] com.tcd.spotify.YearCanvas  - Property files loaded
INFO    2020-04-16 22:03:44,061 [main] com.tcd.spotify.YearCanvas  - Setting up....
INFO    2020-04-16 22:03:44,083 [main] com.tcd.spotify.YearCanvas  - Loading data...
INFO    2020-04-16 22:03:48,861 [main] com.tcd.spotify.YearCanvas  - Database Created!
INFO    2020-04-16 22:03:57,054 [main-FPSAWTAnimator#00-Timer0] com.tcd.spotify.YearCanvas  - Right key pressed
INFO    2020-04-16 22:03:58,525 [main-FPSAWTAnimator#00-Timer0] com.tcd.spotify.YearCanvas  - Right key pressed
INFO    2020-04-16 22:04:00,675 [main-FPSAWTAnimator#00-Timer0] com.tcd.spotify.YearCanvas  - Right key pressed
INFO    2020-04-16 22:04:11,572 [main-FPSAWTAnimator#00-Timer0] com.tcd.spotify.YearCanvas  - Right key pressed
INFO    2020-04-16 22:04:13,727 [main-FPSAWTAnimator#00-Timer0] com.tcd.spotify.YearCanvas  - Right key pressed
INFO    2020-04-16 22:04:14,975 [main-FPSAWTAnimator#00-Timer0] com.tcd.spotify.YearCanvas  - Left key pressed
INFO    2020-04-16 22:04:16,904 [main-FPSAWTAnimator#00-Timer0] com.tcd.spotify.YearCanvas  - Left key pressed
INFO    2020-04-16 22:04:18,229 [main-FPSAWTAnimator#00-Timer0] com.tcd.spotify.YearCanvas  - Left key pressed
INFO    2020-04-16 22:04:20,082 [main-FPSAWTAnimator#00-Timer0] com.tcd.spotify.YearCanvas  - Left key pressed
INFO    2020-04-16 22:04:21,663 [main-FPSAWTAnimator#00-Timer0] com.tcd.spotify.YearCanvas  - Left key pressed
INFO    2020-04-16 22:04:23,280 [main-FPSAWTAnimator#00-Timer0] com.tcd.spotify.YearCanvas  - Left key pressed
INFO    2020-04-16 22:04:29,301 [main] com.tcd.spotify.YearCanvas  - 

-------------------------------------------------------------------------------------------------------------
INFO    2020-04-16 22:04:29,307 [main] com.tcd.spotify.YearCanvas  - Loading property files...
INFO    2020-04-16 22:04:29,309 [main] com.tcd.spotify.YearCanvas  - Property files loaded
INFO    2020-04-16 22:04:29,445 [main] com.tcd.spotify.YearCanvas  - Setting up....
INFO    2020-04-16 22:04:29,473 [main] com.tcd.spotify.YearCanvas  - Loading data...
INFO    2020-04-16 22:04:31,737 [main] com.tcd.spotify.YearCanvas  - Database Created!
INFO    2020-04-16 22:04:42,054 [main-FPSAWTAnimator#00-Timer0] com.tcd.spotify.YearCanvas  - N key pressed
INFO    2020-04-16 22:04:43,830 [main-FPSAWTAnimator#00-Timer0] com.tcd.spotify.YearCanvas  - N key pressed
INFO    2020-04-16 22:04:46,247 [main-FPSAWTAnimator#00-Timer0] com.tcd.spotify.YearCanvas  - N key pressed
INFO    2020-04-16 22:04:56,186 [main-FPSAWTAnimator#00-Timer0] com.tcd.spotify.YearCanvas  - P Key pressed
INFO    2020-04-16 22:08:12,023 [main] com.tcd.spotify.YearCanvas  - 

-------------------------------------------------------------------------------------------------------------
INFO    2020-04-16 22:09:59,235 [main] com.tcd.spotify.YearCanvas  - 

-------------------------------------------------------------------------------------------------------------
INFO    2020-04-16 22:09:59,242 [main] com.tcd.spotify.YearCanvas  - Loading property files...
INFO    2020-04-16 22:09:59,243 [main] com.tcd.spotify.YearCanvas  - Property files loaded
INFO    2020-04-16 22:09:59,563 [main] com.tcd.spotify.YearCanvas  - Setting up....
INFO    2020-04-16 22:09:59,608 [main] com.tcd.spotify.YearCanvas  - Loading data...
INFO    2020-04-16 22:10:03,427 [main] com.tcd.spotify.YearCanvas  - Database Created!
INFO    2020-04-16 22:10:37,847 [main-FPSAWTAnimator#00-Timer0] com.tcd.spotify.YearCanvas  - P Key pressed
INFO    2020-04-16 22:10:39,979 [main-FPSAWTAnimator#00-Timer0] com.tcd.spotify.YearCanvas  - N key pressed
INFO    2020-04-16 22:10:41,172 [main-FPSAWTAnimator#00-Timer0] com.tcd.spotify.YearCanvas  - N key pressed
INFO    2020-04-16 22:10:43,312 [main-FPSAWTAnimator#00-Timer0] com.tcd.spotify.YearCanvas  - N key pressed
INFO    2020-04-16 22:10:44,637 [main-FPSAWTAnimator#00-Timer0] com.tcd.spotify.YearCanvas  - N key pressed
INFO    2020-04-16 22:10:45,955 [main-FPSAWTAnimator#00-Timer0] com.tcd.spotify.YearCanvas  - N key pressed
INFO    2020-04-16 22:16:58,450 [main] com.tcd.spotify.YearCanvas  - 

-------------------------------------------------------------------------------------------------------------
INFO    2020-04-16 22:16:58,455 [main] com.tcd.spotify.YearCanvas  - Loading property files...
INFO    2020-04-16 22:16:58,456 [main] com.tcd.spotify.YearCanvas  - Property files loaded
INFO    2020-04-16 22:16:58,573 [main] com.tcd.spotify.YearCanvas  - Setting up....
INFO    2020-04-16 22:16:58,597 [main] com.tcd.spotify.YearCanvas  - Loading data...
INFO    2020-04-16 22:17:03,492 [main] com.tcd.spotify.YearCanvas  - Database Created!
INFO    2020-04-16 22:17:39,698 [main] com.tcd.spotify.YearCanvas  - 

-------------------------------------------------------------------------------------------------------------
INFO    2020-04-16 22:17:39,711 [main] com.tcd.spotify.YearCanvas  - Loading property files...
INFO    2020-04-16 22:17:39,715 [main] com.tcd.spotify.YearCanvas  - Property files loaded
INFO    2020-04-16 22:17:39,879 [main] com.tcd.spotify.YearCanvas  - Setting up....
INFO    2020-04-16 22:17:39,906 [main] com.tcd.spotify.YearCanvas  - Loading data...
INFO    2020-04-16 22:17:43,286 [main] com.tcd.spotify.YearCanvas  - Database Created!
