INFO    2020-04-17 15:20:33,516 [main] com.tcd.spotify.YearCanvas  - 

-------------------------------------------------------------------------------------------------------------
INFO    2020-04-17 15:20:33,525 [main] com.tcd.spotify.YearCanvas  - Loading property files...
INFO    2020-04-17 15:20:33,527 [main] com.tcd.spotify.YearCanvas  - Property files loaded
INFO    2020-04-17 15:20:33,648 [main] com.tcd.spotify.YearCanvas  - Setting up....
INFO    2020-04-17 15:20:33,676 [main] com.tcd.spotify.YearCanvas  - Loading data...
INFO    2020-04-17 15:20:38,971 [main] com.tcd.spotify.YearCanvas  - Database Created!
INFO    2020-04-17 15:21:26,060 [main-FPSAWTAnimator#00-Timer0] com.tcd.spotify.YearCanvas  - N key pressed
INFO    2020-04-17 15:21:28,832 [main-FPSAWTAnimator#00-Timer0] com.tcd.spotify.YearCanvas  - N key pressed
INFO    2020-04-17 15:21:30,962 [main-FPSAWTAnimator#00-Timer0] com.tcd.spotify.YearCanvas  - N key pressed
INFO    2020-04-17 15:21:34,492 [main-FPSAWTAnimator#00-Timer0] com.tcd.spotify.YearCanvas  - N key pressed
INFO    2020-04-17 15:21:39,632 [main-FPSAWTAnimator#00-Timer0] com.tcd.spotify.YearCanvas  - Right key pressed
INFO    2020-04-17 15:21:40,894 [main-FPSAWTAnimator#00-Timer0] com.tcd.spotify.YearCanvas  - Right key pressed
INFO    2020-04-17 15:21:42,254 [main-FPSAWTAnimator#00-Timer0] com.tcd.spotify.YearCanvas  - Right key pressed
INFO    2020-04-17 15:21:43,726 [main-FPSAWTAnimator#00-Timer0] com.tcd.spotify.YearCanvas  - Right key pressed
INFO    2020-04-17 15:21:49,852 [main-FPSAWTAnimator#00-Timer0] com.tcd.spotify.YearCanvas  - Left key pressed
INFO    2020-04-17 15:22:03,520 [main-FPSAWTAnimator#00-Timer0] com.tcd.spotify.YearCanvas  - Right key pressed
INFO    2020-04-17 15:22:06,199 [main-FPSAWTAnimator#00-Timer0] com.tcd.spotify.YearCanvas  - Right key pressed
INFO    2020-04-17 15:45:54,230 [main] com.tcd.spotify.YearCanvas  - 

-------------------------------------------------------------------------------------------------------------
INFO    2020-04-17 15:45:54,239 [main] com.tcd.spotify.YearCanvas  - Loading property files...
INFO    2020-04-17 15:45:54,241 [main] com.tcd.spotify.YearCanvas  - Property files loaded
INFO    2020-04-17 15:45:54,381 [main] com.tcd.spotify.YearCanvas  - Setting up....
INFO    2020-04-17 15:45:54,413 [main] com.tcd.spotify.YearCanvas  - Loading data...
INFO    2020-04-17 15:45:57,111 [main] com.tcd.spotify.YearCanvas  - Database Created!
INFO    2020-04-17 15:48:14,528 [main] com.tcd.spotify.YearCanvas  - 

-------------------------------------------------------------------------------------------------------------
INFO    2020-04-17 15:48:14,534 [main] com.tcd.spotify.YearCanvas  - Loading property files...
INFO    2020-04-17 15:48:14,536 [main] com.tcd.spotify.YearCanvas  - Property files loaded
INFO    2020-04-17 15:48:14,705 [main] com.tcd.spotify.YearCanvas  - Setting up....
INFO    2020-04-17 15:48:14,736 [main] com.tcd.spotify.YearCanvas  - Loading data...
INFO    2020-04-17 15:48:18,715 [main] com.tcd.spotify.YearCanvas  - Database Created!
INFO    2020-04-17 16:01:12,963 [main] com.tcd.spotify.YearCanvas  - 

-------------------------------------------------------------------------------------------------------------
INFO    2020-04-17 16:01:12,970 [main] com.tcd.spotify.YearCanvas  - Loading property files...
INFO    2020-04-17 16:01:12,972 [main] com.tcd.spotify.YearCanvas  - Property files loaded
INFO    2020-04-17 16:01:13,113 [main] com.tcd.spotify.YearCanvas  - Setting up....
INFO    2020-04-17 16:01:13,142 [main] com.tcd.spotify.YearCanvas  - Loading data...
INFO    2020-04-17 16:01:18,256 [main] com.tcd.spotify.YearCanvas  - Database Created!
INFO    2020-04-17 16:30:45,816 [main] com.tcd.spotify.YearCanvas  - 

-------------------------------------------------------------------------------------------------------------
INFO    2020-04-17 16:30:45,825 [main] com.tcd.spotify.YearCanvas  - Loading property files...
INFO    2020-04-17 16:30:45,827 [main] com.tcd.spotify.YearCanvas  - Property files loaded
INFO    2020-04-17 16:30:46,024 [main] com.tcd.spotify.YearCanvas  - Setting up....
INFO    2020-04-17 16:30:46,066 [main] com.tcd.spotify.YearCanvas  - Loading data...
INFO    2020-04-17 16:30:49,486 [main] com.tcd.spotify.YearCanvas  - Database Created!
INFO    2020-04-17 16:35:59,769 [main] com.tcd.spotify.YearCanvas  - 

-------------------------------------------------------------------------------------------------------------
INFO    2020-04-17 16:35:59,775 [main] com.tcd.spotify.YearCanvas  - Loading property files...
INFO    2020-04-17 16:35:59,776 [main] com.tcd.spotify.YearCanvas  - Property files loaded
INFO    2020-04-17 16:35:59,914 [main] com.tcd.spotify.YearCanvas  - Setting up....
INFO    2020-04-17 16:35:59,962 [main] com.tcd.spotify.YearCanvas  - Loading data...
INFO    2020-04-17 16:36:04,009 [main] com.tcd.spotify.YearCanvas  - Database Created!
